<?xml version="1.0" encoding="UTF-8"?>
<!-- Generated by org.testng.reporters.JUnitReportReporter -->
<testsuite hostname="mhr" name="TestEmbededMongo" tests="3" failures="0" timestamp="24 Jul 2016 21:01:17 GMT" time="29.101" errors="0">
  <testcase name="testCashingWithByTime" time="15.077" classname="TestEmbededMongo"/>
  <testcase name="testLiveTable" time="10.011" classname="TestEmbededMongo"/>
  <testcase name="testStartStop" time="4.013" classname="TestEmbededMongo"/>
</testsuite> <!-- TestEmbededMongo -->
