<?xml version="1.0" encoding="UTF-8"?>
<!-- Generated by org.testng.reporters.JUnitReportReporter -->
<testsuite hostname="mhr" name="SerializeUtilsTest" tests="2" failures="0" timestamp="24 Jul 2016 21:01:17 GMT" time="0.151" errors="0">
  <testcase name="testCommand" time="0.081" classname="SerializeUtilsTest"/>
  <testcase name="testData" time="0.070" classname="SerializeUtilsTest"/>
</testsuite> <!-- SerializeUtilsTest -->
